<?xml version="1.0" encoding="UTF-8"?>
<testng-results ignored="0" total="1" passed="1" failed="0" skipped="0">
  <reporter-output>
  </reporter-output>
  <suite started-at="2025-01-24T13:21:33 IST" name="Surefire suite" finished-at="2025-01-24T13:21:58 IST" duration-ms="25118">
    <groups>
    </groups>
    <test started-at="2025-01-24T13:21:33 IST" name="Surefire test" finished-at="2025-01-24T13:21:58 IST" duration-ms="25118">
      <class name="using_testng.AutomateFlightBookingTest">
        <test-method is-config="true" signature="setUp()[pri:0, instance:using_testng.AutomateFlightBookingTest@49c386c8]" started-at="2025-01-24T13:21:33 IST" name="setUp" finished-at="2025-01-24T13:21:40 IST" duration-ms="6325" status="PASS">
          <reporter-output>
          </reporter-output>
        </test-method> <!-- setUp -->
        <test-method signature="flightSearchAutomation()[pri:0, instance:using_testng.AutomateFlightBookingTest@49c386c8]" started-at="2025-01-24T13:21:40 IST" name="flightSearchAutomation" finished-at="2025-01-24T13:21:58 IST" duration-ms="18346" status="PASS">
          <reporter-output>
          </reporter-output>
        </test-method> <!-- flightSearchAutomation -->
        <test-method is-config="true" signature="tearDown()[pri:0, instance:using_testng.AutomateFlightBookingTest@49c386c8]" started-at="2025-01-24T13:21:58 IST" name="tearDown" finished-at="2025-01-24T13:21:58 IST" duration-ms="411" status="PASS">
          <reporter-output>
          </reporter-output>
        </test-method> <!-- tearDown -->
      </class> <!-- using_testng.AutomateFlightBookingTest -->
    </test> <!-- Surefire test -->
  </suite> <!-- Surefire suite -->
</testng-results>
